<?xml version="1.0" encoding="UTF-8"?>
<testsuite name="icu.kang.actions.demo.DemoTest" tests="1" skipped="0" failures="0" errors="0" timestamp="2021-07-02T16:28:03" hostname="MacBook-Pro-kang" time="0.001">
  <properties/>
  <testcase name="testThrow" classname="icu.kang.actions.demo.DemoTest" time="0.001"/>
  <system-out><![CDATA[]]></system-out>
  <system-err><![CDATA[]]></system-err>
</testsuite>
